<?xml version="1.0" encoding="UTF-8"?>
<!-- Generated by org.testng.reporters.JUnitReportReporter -->
<testsuite hostname="DESKTOP-8KVIBC9" failures="0" tests="1" name="tests.TestSort" time="2.765" errors="0" timestamp="01 Jun 2021 18:32:49 GMT" skipped="0">
  <testcase classname="tests.TestSort" name="testLoging2" time="2.765"/>
</testsuite> <!-- tests.TestSort -->
